{"name": "test_create_booking_tc2", "status": "failed", "statusDetails": {"message": "AssertionError: Expected HTTP Status Code500", "trace": "self = <tests.integration_test.test_create_booking.TestCreateBooking object at 0x10d446c50>\n\n    def test_create_booking_tc2(self):\n        # URL, Headers, Payload,\n        response = post_requests(url=APIConstants.url_create_booking(), auth=None, headers=common_headers_json(),\n                                 payload=None, in_json=False)\n>       verify_http_status_code(response, \"500\")\n\ntests/integration_test/test_create_booking.py:25: \n_ _ _ _ _ _ _ _ _ _ _ _ _ _ _ _ _ _ _ _ _ _ _ _ _ _ _ _ _ _ _ _ _ _ _ _ _ _ _ _ _ _ _ _ _ _ _ _ _ _ _ _ _ _ _ _ _ _ _ _ _ _ _ \n\nresponse_data = <Response [400]>, expect_data = '500'\n\n    def verify_http_status_code(response_data, expect_data):\n>       assert response_data.status_code == expect_data, \"Expected HTTP Status Code\" + expect_data\nE       AssertionError: Expected HTTP Status Code500\n\nsrc/helpers/common_verification.py:4: AssertionError"}, "start": 1702261118334, "stop": 1702261119377, "uuid": "f11d27f0-6c97-49fb-9513-142357893e09", "historyId": "35c8512365cdcbb588f01a54b64d97b3", "testCaseId": "35c8512365cdcbb588f01a54b64d97b3", "fullName": "tests.integration_test.test_create_booking.TestCreateBooking#test_create_booking_tc2", "labels": [{"name": "parentSuite", "value": "tests.integration_test"}, {"name": "suite", "value": "test_create_booking"}, {"name": "subSuite", "value": "TestCreateBooking"}, {"name": "host", "value": "MBP-C02DRR20MD6M"}, {"name": "thread", "value": "26285-MainThread"}, {"name": "framework", "value": "pytest"}, {"name": "language", "value": "cpython3"}, {"name": "package", "value": "tests.integration_test.test_create_booking"}]}